<?xml version="1.0" encoding="UTF-8"?>
<!-- Generated by org.testng.reporters.JUnitXMLReporter -->
<testsuite ignored="1" hostname="DESKTOP-6VO16K5" failures="0" tests="1" name="FacebookLogin" time="34.929" errors="0" timestamp="2024-03-05T23:38:43 IST">
  <testcase classname="org.sample.TestNGSample" name="testFacebook" time="34.919"/>
  <testcase classname="org.sample.TestNGSample" name="testGoogle" time="0.0">
    <ignored/>
  </testcase> <!-- testGoogle -->
</testsuite> <!-- FacebookLogin -->
