<?xml version="1.0" encoding="UTF-8"?>
<!-- Generated by org.testng.reporters.JUnitXMLReporter -->
<testsuite ignored="2" hostname="DESKTOP-6VO16K5" failures="0" tests="2" name="GroupTest2" time="0.036" errors="0" timestamp="2024-03-08T15:40:42 IST">
  <testcase classname="org.grouping.GroupClass2" name="test6" time="0.004"/>
  <testcase classname="org.grouping.GroupClass2" name="test8" time="0.008"/>
  <testcase classname="org.grouping.GroupClass2" name="test5" time="0.0">
    <ignored/>
  </testcase> <!-- test5 -->
  <testcase classname="org.grouping.GroupClass2" name="test7" time="0.0">
    <ignored/>
  </testcase> <!-- test7 -->
</testsuite> <!-- GroupTest2 -->
