<?xml version="1.0" encoding="UTF-8"?>
<!-- Generated by org.testng.reporters.JUnitXMLReporter -->
<testsuite ignored="1" hostname="DESKTOP-6VO16K5" failures="0" tests="3" name="GroupTest1" time="0.26" errors="0" timestamp="2024-03-08T15:40:42 IST">
  <testcase classname="org.grouping.GroupClass1" name="test1" time="0.024"/>
  <testcase classname="org.grouping.GroupClass1" name="test3" time="0.004"/>
  <testcase classname="org.grouping.GroupClass1" name="test4" time="0.008"/>
  <testcase classname="org.grouping.GroupClass1" name="test2" time="0.0">
    <ignored/>
  </testcase> <!-- test2 -->
</testsuite> <!-- GroupTest1 -->
