<?xml version="1.0" encoding="UTF-8"?>
<!-- Generated by org.testng.reporters.JUnitXMLReporter -->
<testsuite ignored="4" hostname="DESKTOP-6VO16K5" failures="0" tests="4" name="GroupTest" time="0.24" errors="0" timestamp="2024-03-08T15:26:24 IST">
  <testcase classname="org.grouping.GroupClass1" name="test1" time="0.021"/>
  <testcase classname="org.grouping.GroupClass1" name="test2" time="0.003"/>
  <testcase classname="org.grouping.GroupClass1" name="test3" time="0.006"/>
  <testcase classname="org.grouping.GroupClass1" name="test4" time="0.007"/>
  <testcase classname="org.grouping.GroupClass2" name="test7" time="0.0">
    <ignored/>
  </testcase> <!-- test7 -->
  <testcase classname="org.grouping.GroupClass2" name="test6" time="0.0">
    <ignored/>
  </testcase> <!-- test6 -->
  <testcase classname="org.grouping.GroupClass2" name="test8" time="0.0">
    <ignored/>
  </testcase> <!-- test8 -->
  <testcase classname="org.grouping.GroupClass2" name="test5" time="0.0">
    <ignored/>
  </testcase> <!-- test5 -->
</testsuite> <!-- GroupTest -->
