<?xml version="1.0" encoding="UTF-8"?>
<!-- Generated by org.testng.reporters.JUnitXMLReporter -->
<testsuite ignored="0" hostname="DESKTOP-6VO16K5" failures="0" tests="5" name="Test9" time="25.994" errors="0" timestamp="2024-03-07T14:54:23 IST">
  <testcase classname="org.enabledisabletestcase.EnableDisableTestCase" name="launchApp" time="12.163"/>
  <testcase classname="org.enabledisabletestcase.EnableDisableTestCase" name="verifyLogin" time="0.978"/>
  <testcase classname="org.enabledisabletestcase.EnableDisableTestCase" name="loginApp" time="1.92"/>
  <testcase classname="org.enabledisabletestcase.EnableDisableTestCase" name="MyInfo" time="2.11"/>
  <testcase classname="org.enabledisabletestcase.EnableDisableTestCase" name="verifyMyInfo" time="1.732"/>
</testsuite> <!-- Test9 -->
