<?xml version="1.0" encoding="UTF-8"?>
<!-- Generated by org.testng.reporters.JUnitXMLReporter -->
<testsuite ignored="2" hostname="DESKTOP-6VO16K5" failures="0" tests="3" name="Test8" time="26.109" errors="0" timestamp="2024-03-07T14:55:20 IST">
  <testcase classname="org.enabledisabletestcase.EnableDisableTestCase" name="launchApp" time="13.865"/>
  <testcase classname="org.enabledisabletestcase.EnableDisableTestCase" name="verifyLogin" time="0.965"/>
  <testcase classname="org.enabledisabletestcase.EnableDisableTestCase" name="loginApp" time="0.435"/>
  <testcase classname="org.enabledisabletestcase.EnableDisableTestCase" name="verifyMyInfo" time="0.0">
    <ignored/>
  </testcase> <!-- verifyMyInfo -->
  <testcase classname="org.enabledisabletestcase.EnableDisableTestCase" name="MyInfo" time="0.0">
    <ignored/>
  </testcase> <!-- MyInfo -->
</testsuite> <!-- Test8 -->
