<?xml version="1.0" encoding="UTF-8"?>
<!-- Generated by org.testng.reporters.JUnitXMLReporter -->
<testsuite ignored="0" hostname="DESKTOP-6VO16K5" failures="0" tests="5" name="Test5" time="82.332" errors="0" timestamp="2024-03-07T02:17:52 IST">
  <testcase classname="org.parameters.SuiteLevelParameter" name="launchApp" time="10.951"/>
  <testcase classname="org.parameters.SuiteLevelParameter" name="verifyLogin" time="1.777"/>
  <testcase classname="org.parameters.SuiteLevelParameter" name="loginApp" time="6.436"/>
  <testcase classname="org.parameters.SuiteLevelParameter" name="MyInfo" time="7.044"/>
  <testcase classname="org.parameters.SuiteLevelParameter" name="verifyMyInfo" time="2.964"/>
</testsuite> <!-- Test5 -->
