<?xml version="1.0" encoding="UTF-8"?>
<!-- Generated by org.testng.reporters.JUnitXMLReporter -->
<testsuite ignored="0" hostname="DESKTOP-6VO16K5" failures="0" tests="15" name="Test" time="170.257" errors="0" timestamp="2024-03-14T00:28:09 IST">
  <testcase classname="org.parallelexecutionwiththreadcount.TestClass2" name="launchApp" time="53.966"/>
  <testcase classname="org.parallelexecutionwiththreadcount.TestClass2" name="verifyLogin" time="3.526"/>
  <testcase classname="org.parallelexecutionwiththreadcount.TestClass2" name="loginApp" time="2.969"/>
  <testcase classname="org.parallelexecutionwiththreadcount.TestClass2" name="MyInfo" time="9.776"/>
  <testcase classname="org.parallelexecutionwiththreadcount.TestClass1" name="launchApp" time="87.168"/>
  <testcase classname="org.parallelexecutionwiththreadcount.TestClass1" name="verifyLogin" time="6.103"/>
  <testcase classname="org.parallelexecutionwiththreadcount.TestClass2" name="verifyMyInfo" time="27.388"/>
  <testcase classname="org.parallelexecutionwiththreadcount.TestClass1" name="loginApp" time="4.728"/>
  <testcase classname="org.parallelexecutionwiththreadcount.TestClass1" name="MyInfo" time="8.518"/>
  <testcase classname="org.parallelexecutionwiththreadcount.TestClass1" name="verifyMyInfo" time="11.663"/>
  <testcase classname="org.parallelexecutionwiththreadcount.TestClass3" name="launchApp" time="48.286"/>
  <testcase classname="org.parallelexecutionwiththreadcount.TestClass3" name="verifyLogin" time="2.048"/>
  <testcase classname="org.parallelexecutionwiththreadcount.TestClass3" name="loginApp" time="7.028"/>
  <testcase classname="org.parallelexecutionwiththreadcount.TestClass3" name="MyInfo" time="4.43"/>
  <testcase classname="org.parallelexecutionwiththreadcount.TestClass3" name="verifyMyInfo" time="10.543"/>
</testsuite> <!-- Test -->
