<?xml version="1.0" encoding="UTF-8"?>
<!-- Generated by org.testng.reporters.JUnitXMLReporter -->
<testsuite ignored="0" hostname="DESKTOP-6VO16K5" failures="0" tests="5" name="Test4" time="56.586" errors="0" timestamp="2024-03-07T02:16:30 IST">
  <testcase classname="org.parameters.SuiteLevelParameter" name="launchApp" time="10.539"/>
  <testcase classname="org.parameters.SuiteLevelParameter" name="verifyLogin" time="4.002"/>
  <testcase classname="org.parameters.SuiteLevelParameter" name="loginApp" time="1.998"/>
  <testcase classname="org.parameters.SuiteLevelParameter" name="MyInfo" time="4.25"/>
  <testcase classname="org.parameters.SuiteLevelParameter" name="verifyMyInfo" time="1.251"/>
</testsuite> <!-- Test4 -->
