<?xml version="1.0" encoding="UTF-8"?>
<!-- Generated by org.testng.reporters.JUnitXMLReporter -->
<testsuite ignored="2" hostname="DESKTOP-6VO16K5" failures="0" tests="1" name="Test1" time="30.249" errors="0" timestamp="2024-03-16T01:28:09 IST">
  <testcase classname="org.screenshots.ScreenShotsFailedTest" name="testGoogle" time="15.898"/>
  <testcase classname="org.screenshots.ScreenShotsFailedTest" name="testOrangeHRMLogin" time="0.0">
    <ignored/>
  </testcase> <!-- testOrangeHRMLogin -->
  <testcase classname="org.screenshots.ScreenShotsFailedTest" name="testFacebook" time="0.0">
    <ignored/>
  </testcase> <!-- testFacebook -->
</testsuite> <!-- Test1 -->
